2021-11-22T07:40:19+00:00 CRITICAL Cannot redeclare tournaments_slider() (previously declared in /home1/wadcoaj3/public_html/projects/ultimogg/wp-content/themes/twenty-twenty-one-child/functions.php:418) in /home1/wadcoaj3/public_html/projects/ultimogg/wp-content/themes/twenty-twenty-one-child/functions.php on line 498

2021-11-22T09:08:40+00:00 CRITICAL Uncaught Error: Call to undefined function get__stylesheet_directory_uri() in /home1/wadcoaj3/public_html/projects/ultimogg/wp-content/themes/twenty-twenty-one-child/functions.php:58
Stack trace:
#0 /home1/wadcoaj3/public_html/projects/ultimogg/wp-includes/class-wp-hook.php(303): wpb_adding_scripts('')
#1 /home1/wadcoaj3/public_html/projects/ultimogg/wp-includes/class-wp-hook.php(327): WP_Hook->apply_filters(NULL, Array)
#2 /home1/wadcoaj3/public_html/projects/ultimogg/wp-includes/plugin.php(470): WP_Hook->do_action(Array)
#3 /home1/wadcoaj3/public_html/projects/ultimogg/wp-includes/script-loader.php(2083): do_action('wp_enqueue_scri...')
#4 /home1/wadcoaj3/public_html/projects/ultimogg/wp-includes/class-wp-hook.php(303): wp_enqueue_scripts('')
#5 /home1/wadcoaj3/public_html/projects/ultimogg/wp-includes/class-wp-hook.php(327): WP_Hook->apply_filters(NULL, Array)
#6 /home1/wadcoaj3/public_html/projects/ultimogg/wp-includes/plugin.php(470): WP_Hook->do_action(Array)
#7 /home1/wadcoaj3/public_html/projects/ulti in /home1/wadcoaj3/public_html/projects/ultimogg/wp-content/themes/twenty-twenty-one-child/functions.php on line 58

2021-11-22T09:08:40+00:00 CRITICAL Uncaught Error: Call to undefined function get__stylesheet_directory_uri() in /home1/wadcoaj3/public_html/projects/ultimogg/wp-content/themes/twenty-twenty-one-child/functions.php:58
Stack trace:
#0 /home1/wadcoaj3/public_html/projects/ultimogg/wp-includes/class-wp-hook.php(303): wpb_adding_scripts('')
#1 /home1/wadcoaj3/public_html/projects/ultimogg/wp-includes/class-wp-hook.php(327): WP_Hook->apply_filters(NULL, Array)
#2 /home1/wadcoaj3/public_html/projects/ultimogg/wp-includes/plugin.php(470): WP_Hook->do_action(Array)
#3 /home1/wadcoaj3/public_html/projects/ultimogg/wp-includes/script-loader.php(2083): do_action('wp_enqueue_scri...')
#4 /home1/wadcoaj3/public_html/projects/ultimogg/wp-includes/class-wp-hook.php(303): wp_enqueue_scripts('')
#5 /home1/wadcoaj3/public_html/projects/ultimogg/wp-includes/class-wp-hook.php(327): WP_Hook->apply_filters(NULL, Array)
#6 /home1/wadcoaj3/public_html/projects/ultimogg/wp-includes/plugin.php(470): WP_Hook->do_action(Array)
#7 /home1/wadcoaj3/public_html/projects/ulti in /home1/wadcoaj3/public_html/projects/ultimogg/wp-content/themes/twenty-twenty-one-child/functions.php on line 58

